Data update complete
Processing => 12
Widgets => wolf_core_gallery
Widgets => wolf_core_blockquote
Widgets => wolf_core_countdown
Processing => 14
Widgets => wolf_core_gallery
Widgets => wolf_core_blockquote
Widgets => wolf_core_countdown
Processing => 15
Widgets => wolf_core_gallery
Widgets => wolf_core_blockquote
Widgets => wolf_core_countdown
Processing => 17
Widgets => wolf_core_gallery
Widgets => wolf_core_blockquote
Widgets => wolf_core_countdown
Processing => 60
Widgets => wolf_core_gallery
Widgets => wolf_core_blockquote
Widgets => wolf_core_countdown
Processing => 2985
Widgets => wolf_core_gallery
Widgets => wolf_core_blockquote
Widgets => wolf_core_countdown
Processing => 3010
Widgets => wolf_core_gallery
Widgets => wolf_core_blockquote
Widgets => wolf_core_countdown
Processing => 3223
Widgets => wolf_core_gallery
Widgets => wolf_core_blockquote
Widgets => wolf_core_countdown
Processing => 3224
Widgets => wolf_core_gallery
Widgets => wolf_core_blockquote
Widgets => wolf_core_countdown
Processing => 420
Widgets => wolf_core_gallery
Widgets => wolf_core_blockquote
Widgets => wolf_core_countdown
Processing => 420
Widgets => wolf_core_gallery
Widgets => wolf_core_blockquote
Widgets => wolf_core_countdown
Processing => 421
Widgets => wolf_core_gallery
Widgets => wolf_core_blockquote
Widgets => wolf_core_countdown
Processing => 421
Widgets => wolf_core_gallery
Widgets => wolf_core_blockquote
Widgets => wolf_core_countdown
Processing => 422
Widgets => wolf_core_gallery
Widgets => wolf_core_blockquote
Widgets => wolf_core_countdown
Processing => 422
Widgets => wolf_core_gallery
Widgets => wolf_core_blockquote
Widgets => wolf_core_countdown
Processing => 423
Widgets => wolf_core_gallery
Widgets => wolf_core_blockquote
Widgets => wolf_core_countdown
Processing => 423
Widgets => wolf_core_gallery
Widgets => wolf_core_blockquote
Widgets => wolf_core_countdown
Processing => 424
Widgets => wolf_core_gallery
Widgets => wolf_core_blockquote
Widgets => wolf_core_countdown
Processing => 424
Widgets => wolf_core_gallery
Widgets => wolf_core_blockquote
Widgets => wolf_core_countdown
Processing => 425
Widgets => wolf_core_gallery
Widgets => wolf_core_blockquote
Widgets => wolf_core_countdown
Processing => 425
Widgets => wolf_core_gallery
Widgets => wolf_core_blockquote
Widgets => wolf_core_countdown
Processing => 622
Widgets => wolf_core_gallery
Widgets => wolf_core_blockquote
Widgets => wolf_core_countdown
Processing => 622
Widgets => wolf_core_gallery
Widgets => wolf_core_blockquote
Widgets => wolf_core_countdown
Processing => 3305
Widgets => wolf_core_gallery
Widgets => wolf_core_blockquote
Widgets => wolf_core_countdown
Processing => 3305
Widgets => wolf_core_gallery
Widgets => wolf_core_blockquote
Widgets => wolf_core_countdown
Processing => 5244
Widgets => wolf_core_gallery
Widgets => wolf_core_blockquote
Widgets => wolf_core_countdown
Processing => 5245
Widgets => wolf_core_gallery
Widgets => wolf_core_blockquote
Widgets => wolf_core_countdown
Processing => 5246
Widgets => wolf_core_gallery
Widgets => wolf_core_blockquote
Widgets => wolf_core_countdown
Processing => 5248
Widgets => wolf_core_gallery
Widgets => wolf_core_blockquote
Widgets => wolf_core_countdown
Processing => 5254
Widgets => wolf_core_gallery
Widgets => wolf_core_blockquote
Widgets => wolf_core_countdown
Processing => 5257
Widgets => wolf_core_gallery
Widgets => wolf_core_blockquote
Widgets => wolf_core_countdown
Processing => 5260
Widgets => wolf_core_gallery
Widgets => wolf_core_blockquote
Widgets => wolf_core_countdown
Processing => 5270
Widgets => wolf_core_gallery
Widgets => wolf_core_blockquote
Widgets => wolf_core_countdown
Processing => 5273
Widgets => wolf_core_gallery
Widgets => wolf_core_blockquote
Widgets => wolf_core_countdown
Processing => 5274
Widgets => wolf_core_gallery
Widgets => wolf_core_blockquote
Widgets => wolf_core_countdown
Processing => 5275
Widgets => wolf_core_gallery
Widgets => wolf_core_blockquote
Widgets => wolf_core_countdown
Processing => 5276
Widgets => wolf_core_gallery
Widgets => wolf_core_blockquote
Widgets => wolf_core_countdown
Processing => 5277
Widgets => wolf_core_gallery
Widgets => wolf_core_blockquote
Widgets => wolf_core_countdown
Processing => 5278
Widgets => wolf_core_gallery
Widgets => wolf_core_blockquote
Widgets => wolf_core_countdown
Processing => 5279
Widgets => wolf_core_gallery
Widgets => wolf_core_blockquote
Widgets => wolf_core_countdown
Processing => 5280
Widgets => wolf_core_gallery
Widgets => wolf_core_blockquote
Widgets => wolf_core_countdown
Processing => 5290
Widgets => wolf_core_gallery
Widgets => wolf_core_blockquote
Widgets => wolf_core_countdown
Processing => 5291
Widgets => wolf_core_gallery
Widgets => wolf_core_blockquote
Widgets => wolf_core_countdown
Data update complete
Processing => 12
Widgets => gallery
Widgets => blockquote
Widgets => countdown
Widgets => theme_countdown
Processing => 14
Widgets => gallery
Widgets => blockquote
Widgets => countdown
Widgets => theme_countdown
Processing => 15
Widgets => gallery
Widgets => blockquote
Widgets => countdown
Widgets => theme_countdown
Processing => 17
Widgets => gallery
Widgets => blockquote
Widgets => countdown
Widgets => theme_countdown
Processing => 60
Widgets => gallery
Widgets => blockquote
Widgets => countdown
Widgets => theme_countdown
Processing => 2985
Widgets => gallery
Widgets => blockquote
Widgets => countdown
Widgets => theme_countdown
Processing => 3010
Widgets => gallery
Widgets => blockquote
Widgets => countdown
Widgets => theme_countdown
Processing => 3223
Widgets => gallery
Widgets => blockquote
Widgets => countdown
Widgets => theme_countdown
Processing => 3224
Widgets => gallery
Widgets => blockquote
Widgets => countdown
Widgets => theme_countdown
Processing => 420
Widgets => gallery
Widgets => blockquote
Widgets => countdown
Widgets => theme_countdown
Processing => 420
Widgets => gallery
Widgets => blockquote
Widgets => countdown
Widgets => theme_countdown
Processing => 421
Widgets => gallery
Widgets => blockquote
Widgets => countdown
Widgets => theme_countdown
Processing => 421
Widgets => gallery
Widgets => blockquote
Widgets => countdown
Widgets => theme_countdown
Processing => 422
Widgets => gallery
Widgets => blockquote
Widgets => countdown
Widgets => theme_countdown
Processing => 422
Widgets => gallery
Widgets => blockquote
Widgets => countdown
Widgets => theme_countdown
Processing => 423
Widgets => gallery
Widgets => blockquote
Widgets => countdown
Widgets => theme_countdown
Processing => 423
Widgets => gallery
Widgets => blockquote
Widgets => countdown
Widgets => theme_countdown
Processing => 424
Widgets => gallery
Widgets => blockquote
Widgets => countdown
Widgets => theme_countdown
Processing => 424
Widgets => gallery
Widgets => blockquote
Widgets => countdown
Widgets => theme_countdown
Processing => 425
Widgets => gallery
Widgets => blockquote
Widgets => countdown
Widgets => theme_countdown
Processing => 425
Widgets => gallery
Widgets => blockquote
Widgets => countdown
Widgets => theme_countdown
Processing => 622
Widgets => gallery
Widgets => blockquote
Widgets => countdown
Widgets => theme_countdown
Processing => 622
Widgets => gallery
Widgets => blockquote
Widgets => countdown
Widgets => theme_countdown
Processing => 3305
Widgets => gallery
Widgets => blockquote
Widgets => countdown
Widgets => theme_countdown
Processing => 3305
Widgets => gallery
Widgets => blockquote
Widgets => countdown
Widgets => theme_countdown
Processing => 5244
Widgets => gallery
Widgets => blockquote
Widgets => countdown
Widgets => theme_countdown
Processing => 5245
Widgets => gallery
Widgets => blockquote
Widgets => countdown
Widgets => theme_countdown
Processing => 5246
Widgets => gallery
Widgets => blockquote
Widgets => countdown
Widgets => theme_countdown
Processing => 5248
Widgets => gallery
Widgets => blockquote
Widgets => countdown
Widgets => theme_countdown
Processing => 5254
Widgets => gallery
Widgets => blockquote
Widgets => countdown
Widgets => theme_countdown
Processing => 5257
Widgets => gallery
Widgets => blockquote
Widgets => countdown
Widgets => theme_countdown
Processing => 5260
Widgets => gallery
Widgets => blockquote
Widgets => countdown
Widgets => theme_countdown
Processing => 5270
Widgets => gallery
Widgets => blockquote
Widgets => countdown
Widgets => theme_countdown
Processing => 5273
Widgets => gallery
Widgets => blockquote
Widgets => countdown
Widgets => theme_countdown
Processing => 5274
Widgets => gallery
Widgets => blockquote
Widgets => countdown
Widgets => theme_countdown
Processing => 5275
Widgets => gallery
Widgets => blockquote
Widgets => countdown
Widgets => theme_countdown
Processing => 5276
Widgets => gallery
Widgets => blockquote
Widgets => countdown
Widgets => theme_countdown
Processing => 5277
Widgets => gallery
Widgets => blockquote
Widgets => countdown
Widgets => theme_countdown
Processing => 5278
Widgets => gallery
Widgets => blockquote
Widgets => countdown
Widgets => theme_countdown
Processing => 5279
Widgets => gallery
Widgets => blockquote
Widgets => countdown
Widgets => theme_countdown
Processing => 5280
Widgets => gallery
Widgets => blockquote
Widgets => countdown
Widgets => theme_countdown
Processing => 5290
Widgets => gallery
Widgets => blockquote
Widgets => countdown
Widgets => theme_countdown
Processing => 5291
Widgets => gallery
Widgets => blockquote
Widgets => countdown
Widgets => theme_countdown
Data update complete
